2024-01-28 23:20:32  group_combobox_list_v2.py  get_providers_info  INFO  GET http://localhost:9090/proxies the status code is 200
2024-01-28 23:20:32  group_combobox_list_v2.py  get_providers_info  INFO  GET http://localhost:9090/proxies the status code is 200
2024-01-28 23:20:36  connectionpool.py  _new_conn  DEBUG  Starting new HTTP connection (1): 127.0.0.1:9090
2024-01-28 23:20:36  connectionpool.py  _make_request  DEBUG  http://127.0.0.1:9090 "PUT /proxies/%F0%9F%9A%80%20Nexitally HTTP/1.1" 204 0
2024-01-28 23:20:36  write_log.py  common_info  INFO  From mainUI: group name is 🚀 Nexitally
2024-01-28 23:20:36  write_log.py  common_info  INFO  from mainUI: the server user chosen in this group name is ♻️ 自动选择
2024-01-28 23:39:13  group_combobox_list_v2.py  get_providers_info  INFO  GET http://localhost:9090/proxies the status code is 200
2024-01-28 23:39:13  group_combobox_list_v2.py  get_providers_info  INFO  GET http://localhost:9090/proxies the status code is 200
2024-01-28 23:39:24  group_combobox_list_v2.py  get_providers_info  INFO  GET http://localhost:9090/proxies the status code is 200
2024-01-28 23:39:25  group_combobox_list_v2.py  get_providers_info  INFO  GET http://localhost:9090/proxies the status code is 200
2024-01-28 23:39:30  group_combobox_list_v2.py  get_providers_info  INFO  GET http://localhost:9090/proxies the status code is 200
2024-01-28 23:39:59  group_combobox_list_v2.py  get_providers_info  INFO  GET http://localhost:9090/proxies the status code is 200
2024-01-28 23:39:59  group_combobox_list_v2.py  get_providers_info  INFO  GET http://localhost:9090/proxies the status code is 200
2024-01-28 23:40:03  group_combobox_list_v2.py  get_providers_info  INFO  GET http://localhost:9090/proxies the status code is 200
2024-01-28 23:40:50  group_combobox_list_v2.py  get_providers_info  INFO  GET http://localhost:9090/proxies the status code is 200
2024-01-28 23:40:50  group_combobox_list_v2.py  get_providers_info  INFO  GET http://localhost:9090/proxies the status code is 200
2024-01-28 23:40:53  group_combobox_list_v2.py  get_providers_info  INFO  GET http://localhost:9090/proxies the status code is 200
2024-01-28 23:42:35  group_combobox_list_v2.py  get_providers_info  INFO  GET http://localhost:9090/proxies the status code is 200
2024-01-28 23:42:35  group_combobox_list_v2.py  get_providers_info  INFO  GET http://localhost:9090/proxies the status code is 200
2024-01-28 23:42:38  group_combobox_list_v2.py  get_providers_info  INFO  GET http://localhost:9090/proxies the status code is 200
2024-01-28 23:43:10  group_combobox_list_v2.py  get_providers_info  INFO  GET http://localhost:9090/proxies the status code is 200
2024-01-28 23:43:10  group_combobox_list_v2.py  get_providers_info  INFO  GET http://localhost:9090/proxies the status code is 200
2024-01-28 23:43:14  group_combobox_list_v2.py  get_providers_info  INFO  GET http://localhost:9090/proxies the status code is 200
2024-01-28 23:43:16  write_log.py  common_info  INFO  From mainUI: menu index is 8
2024-01-28 23:44:17  group_combobox_list_v2.py  get_providers_info  INFO  GET http://localhost:9090/proxies the status code is 200
2024-01-28 23:44:17  group_combobox_list_v2.py  get_providers_info  INFO  GET http://localhost:9090/proxies the status code is 200
2024-01-28 23:44:20  group_combobox_list_v2.py  get_providers_info  INFO  GET http://localhost:9090/proxies the status code is 200
2024-01-28 23:44:41  group_combobox_list_v2.py  get_providers_info  INFO  GET http://localhost:9090/proxies the status code is 200
2024-01-28 23:44:41  group_combobox_list_v2.py  get_providers_info  INFO  GET http://localhost:9090/proxies the status code is 200
2024-01-28 23:44:44  group_combobox_list_v2.py  get_providers_info  INFO  GET http://localhost:9090/proxies the status code is 200
2024-01-29 10:51:28  group_combobox_list_v2.py  get_providers_info  INFO  GET http://localhost:9090/proxies the status code is 200
2024-01-29 10:51:28  group_combobox_list_v2.py  get_providers_info  INFO  GET http://localhost:9090/proxies the status code is 200
2024-01-29 12:37:41  group_combobox_list_v2.py  get_providers_info  INFO  GET http://localhost:9090/proxies the status code is 200
2024-01-29 12:37:41  group_combobox_list_v2.py  get_providers_info  INFO  GET http://localhost:9090/proxies the status code is 200
2024-01-29 12:40:09  group_combobox_list_v2.py  get_providers_info  INFO  GET http://localhost:9090/proxies the status code is 200
2024-01-29 12:40:09  group_combobox_list_v2.py  get_providers_info  INFO  GET http://localhost:9090/proxies the status code is 200
2024-01-29 12:40:13  group_combobox_list_v2.py  get_providers_info  INFO  GET http://localhost:9090/proxies the status code is 200
2024-01-29 12:41:54  group_combobox_list_v2.py  get_providers_info  INFO  GET http://localhost:9090/proxies the status code is 200
2024-01-29 12:41:54  group_combobox_list_v2.py  get_providers_info  INFO  GET http://localhost:9090/proxies the status code is 200
2024-01-29 12:48:12  group_combobox_list_v2.py  get_providers_info  INFO  GET http://localhost:9090/proxies the status code is 200
2024-01-29 12:49:28  group_combobox_list_v2.py  get_providers_info  INFO  GET http://localhost:9090/proxies the status code is 200
2024-01-29 12:49:28  group_combobox_list_v2.py  get_providers_info  INFO  GET http://localhost:9090/proxies the status code is 200
2024-01-29 12:50:04  write_log.py  common_info  INFO  From mainUI: menu index is 1
2024-01-29 12:52:14  group_combobox_list_v2.py  get_providers_info  INFO  GET http://localhost:9090/proxies the status code is 200
2024-01-29 12:52:14  group_combobox_list_v2.py  get_providers_info  INFO  GET http://localhost:9090/proxies the status code is 200
2024-01-29 12:52:31  group_combobox_list_v2.py  get_providers_info  INFO  GET http://localhost:9090/proxies the status code is 200
2024-01-29 12:52:31  group_combobox_list_v2.py  get_providers_info  INFO  GET http://localhost:9090/proxies the status code is 200
2024-01-29 12:52:36  group_combobox_list_v2.py  get_providers_info  INFO  GET http://localhost:9090/proxies the status code is 200
2024-01-29 12:52:37  write_log.py  common_info  INFO  From mainUI: menu index is 1
2024-01-29 12:52:37  connectionpool.py  _new_conn  DEBUG  Starting new HTTP connection (1): 127.0.0.1:9090
2024-01-29 12:52:37  connectionpool.py  _make_request  DEBUG  http://127.0.0.1:9090 "PUT /proxies/%F0%9F%93%BA%20%E5%93%94%E5%93%A9%E5%93%94%E5%93%A9 HTTP/1.1" 204 0
2024-01-29 12:52:37  write_log.py  common_info  INFO  From mainUI: group name is 📺 哔哩哔哩
2024-01-29 12:52:37  write_log.py  common_info  INFO  from mainUI: the server user chosen in this group name is 🇨🇳 台湾节点
2024-01-29 13:25:46  group_combobox_list_v2.py  get_providers_info  INFO  GET http://localhost:9090/proxies the status code is 200
2024-01-29 13:25:46  group_combobox_list_v2.py  get_providers_info  INFO  GET http://localhost:9090/proxies the status code is 200
2024-01-29 13:25:49  group_combobox_list_v2.py  get_providers_info  INFO  GET http://localhost:9090/proxies the status code is 200
2024-01-29 13:25:52  write_log.py  common_info  INFO  From mainUI: menu index is 6
2024-01-29 13:25:52  connectionpool.py  _new_conn  DEBUG  Starting new HTTP connection (1): 127.0.0.1:9090
2024-01-29 13:25:52  connectionpool.py  _make_request  DEBUG  http://127.0.0.1:9090 "PUT /proxies/%E2%93%82%EF%B8%8F%20%E5%BE%AE%E8%BD%AF%E4%BA%91%E7%9B%98 HTTP/1.1" 204 0
2024-01-29 13:25:52  write_log.py  common_info  INFO  From mainUI: group name is Ⓜ️ 微软云盘
2024-01-29 13:25:52  write_log.py  common_info  INFO  from mainUI: the server user chosen in this group name is 🇯🇵 日本节点
2024-01-29 13:48:25  group_combobox_list_v2.py  get_providers_info  INFO  GET http://localhost:9090/proxies the status code is 200
2024-01-29 13:48:25  group_combobox_list_v2.py  get_providers_info  INFO  GET http://localhost:9090/proxies the status code is 200
2024-01-29 13:48:49  group_combobox_list_v2.py  get_providers_info  INFO  GET http://localhost:9090/proxies the status code is 200
2024-01-29 13:48:49  group_combobox_list_v2.py  get_providers_info  INFO  GET http://localhost:9090/proxies the status code is 200
2024-01-29 13:48:51  group_combobox_list_v2.py  get_providers_info  INFO  GET http://localhost:9090/proxies the status code is 200
2024-01-29 14:14:04  write_log.py  common_info  INFO  From mainUI: menu index is 14
2024-01-29 14:14:04  connectionpool.py  _new_conn  DEBUG  Starting new HTTP connection (1): 127.0.0.1:9090
2024-01-29 14:14:04  connectionpool.py  _make_request  DEBUG  http://127.0.0.1:9090 "PUT /proxies/%E2%99%BB%EF%B8%8F%20%E8%87%AA%E5%8A%A8%E9%80%89%E6%8B%A9 HTTP/1.1" 400 33
2024-01-29 14:14:04  write_log.py  common_info  INFO  From mainUI: group name is ♻️ 自动选择
2024-01-29 14:14:04  write_log.py  common_info  INFO  from mainUI: the server user chosen in this group name is 🇨🇳 台湾家宽 04丨3x TW
2024-01-29 14:14:13  group_combobox_list_v2.py  get_providers_info  INFO  GET http://localhost:9090/proxies the status code is 200
2024-01-29 14:14:19  write_log.py  common_info  INFO  From mainUI: menu index is 4
2024-01-29 14:14:19  connectionpool.py  _new_conn  DEBUG  Starting new HTTP connection (1): 127.0.0.1:9090
2024-01-29 14:14:19  connectionpool.py  _make_request  DEBUG  http://127.0.0.1:9090 "PUT /proxies/%F0%9F%93%B9%20%E6%B2%B9%E7%AE%A1%E8%A7%86%E9%A2%91 HTTP/1.1" 204 0
2024-01-29 14:14:19  write_log.py  common_info  INFO  From mainUI: group name is 📹 油管视频
2024-01-29 14:14:19  write_log.py  common_info  INFO  from mainUI: the server user chosen in this group name is 🇯🇵 日本节点
2024-01-29 15:11:04  group_combobox_list_v2.py  get_providers_info  INFO  GET http://localhost:9090/proxies the status code is 200
2024-01-29 15:11:04  group_combobox_list_v2.py  get_providers_info  INFO  GET http://localhost:9090/proxies the status code is 200
2024-01-29 15:11:08  group_combobox_list_v2.py  get_providers_info  INFO  GET http://localhost:9090/proxies the status code is 200
2024-01-29 15:11:42  group_combobox_list_v2.py  get_providers_info  INFO  GET http://localhost:9090/proxies the status code is 200
2024-01-29 15:11:42  group_combobox_list_v2.py  get_providers_info  INFO  GET http://localhost:9090/proxies the status code is 200
2024-01-29 15:11:44  group_combobox_list_v2.py  get_providers_info  INFO  GET http://localhost:9090/proxies the status code is 200
2024-01-29 15:12:35  group_combobox_list_v2.py  get_providers_info  INFO  GET http://localhost:9090/proxies the status code is 200
2024-01-29 15:12:38  group_combobox_list_v2.py  get_providers_info  INFO  GET http://localhost:9090/proxies the status code is 200
2024-01-29 15:14:01  group_combobox_list_v2.py  get_providers_info  INFO  GET http://localhost:9090/proxies the status code is 200
2024-01-29 15:14:01  group_combobox_list_v2.py  get_providers_info  INFO  GET http://localhost:9090/proxies the status code is 200
2024-01-29 15:14:05  group_combobox_list_v2.py  get_providers_info  INFO  GET http://localhost:9090/proxies the status code is 200
2024-01-29 15:14:26  group_combobox_list_v2.py  get_providers_info  INFO  GET http://localhost:9090/proxies the status code is 200
2024-01-29 15:14:26  group_combobox_list_v2.py  get_providers_info  INFO  GET http://localhost:9090/proxies the status code is 200
2024-01-29 15:15:26  group_combobox_list_v2.py  get_providers_info  INFO  GET http://localhost:9090/proxies the status code is 200
2024-01-29 15:15:29  group_combobox_list_v2.py  get_providers_info  INFO  GET http://localhost:9090/proxies the status code is 200
2024-01-29 15:15:31  group_combobox_list_v2.py  get_providers_info  INFO  GET http://localhost:9090/proxies the status code is 200
2024-01-29 15:18:08  group_combobox_list_v2.py  get_providers_info  INFO  GET http://localhost:9090/proxies the status code is 200
2024-01-29 15:18:11  group_combobox_list_v2.py  get_providers_info  INFO  GET http://localhost:9090/proxies the status code is 200
2024-01-29 15:18:17  group_combobox_list_v2.py  get_providers_info  INFO  GET http://localhost:9090/proxies the status code is 200
2024-01-29 15:18:17  group_combobox_list_v2.py  get_providers_info  INFO  GET http://localhost:9090/proxies the status code is 200
2024-01-29 15:18:32  connectionpool.py  _new_conn  DEBUG  Starting new HTTPS connection (1): a583207ffa6f-apiv1.v27qae.com:443
2024-01-29 15:18:33  connectionpool.py  _make_request  DEBUG  https://a583207ffa6f-apiv1.v27qae.com:443 "GET /flydsubal/ztbeuo3xoto9r0lz?clash=1&extend=1 HTTP/1.1" 200 677901
2024-01-29 15:18:47  group_combobox_list_v2.py  get_providers_info  INFO  GET http://localhost:9090/proxies the status code is 200
2024-01-29 15:18:47  group_combobox_list_v2.py  get_providers_info  INFO  GET http://localhost:9090/proxies the status code is 200
2024-02-01 04:17:09  group_combobox_list_v2.py  get_providers_info  INFO  GET http://localhost:9090/proxies the status code is 200
2024-02-01 04:17:13  group_combobox_list_v2.py  get_providers_info  INFO  GET http://localhost:9090/proxies the status code is 200
2024-02-01 04:20:28  group_combobox_list_v2.py  get_providers_info  INFO  GET http://localhost:9090/proxies the status code is 200
2024-02-01 04:20:32  group_combobox_list_v2.py  get_providers_info  INFO  GET http://localhost:9090/proxies the status code is 200
2024-02-01 04:54:52  group_combobox_list_v2.py  get_providers_info  INFO  GET http://localhost:9090/proxies the status code is 200
2024-02-01 04:54:56  group_combobox_list_v2.py  get_providers_info  INFO  GET http://localhost:9090/proxies the status code is 200
2024-02-01 04:55:20  group_combobox_list_v2.py  get_providers_info  INFO  GET http://localhost:9090/proxies the status code is 200
2024-02-01 04:55:24  group_combobox_list_v2.py  get_providers_info  INFO  GET http://localhost:9090/proxies the status code is 200
2024-02-01 04:55:36  group_combobox_list_v2.py  get_providers_info  INFO  GET http://localhost:9090/proxies the status code is 200
2024-02-01 04:55:40  group_combobox_list_v2.py  get_providers_info  INFO  GET http://localhost:9090/proxies the status code is 200
